c:\users\kansr\documents\g53gra_coursework\g53gra.framework\debug\vc142.pdb
c:\users\kansr\documents\g53gra_coursework\g53gra.framework\debug\vc142.idb
c:\users\kansr\documents\g53gra_coursework\g53gra.framework\debug\room.obj
c:\users\kansr\documents\g53gra_coursework\g53gra.framework\debug\piano.obj
c:\users\kansr\documents\g53gra_coursework\g53gra.framework\debug\sphere.obj
c:\users\kansr\documents\g53gra_coursework\g53gra.framework\debug\table.obj
c:\users\kansr\documents\g53gra_coursework\g53gra.framework\debug\chair.obj
c:\users\kansr\documents\g53gra_coursework\g53gra.framework\debug\texture.obj
c:\users\kansr\documents\g53gra_coursework\g53gra.framework\debug\camera.obj
c:\users\kansr\documents\g53gra_coursework\g53gra.framework\debug\scene.obj
c:\users\kansr\documents\g53gra_coursework\g53gra.framework\debug\engine.obj
c:\users\kansr\documents\g53gra_coursework\g53gra.framework\debug\fan.obj
c:\users\kansr\documents\g53gra_coursework\g53gra.framework\debug\myscene.obj
c:\users\kansr\documents\g53gra_coursework\g53gra.framework\debug\main.obj
c:\users\kansr\documents\g53gra_coursework\debug\g53gra.framework.ilk
c:\users\kansr\documents\g53gra_coursework\debug\g53gra.framework.exe
c:\users\kansr\documents\g53gra_coursework\debug\g53gra.framework.pdb
c:\users\kansr\documents\g53gra_coursework\g53gra.framework\debug\g53gra.framework.tlog\cl.command.1.tlog
c:\users\kansr\documents\g53gra_coursework\g53gra.framework\debug\g53gra.framework.tlog\cl.read.1.tlog
c:\users\kansr\documents\g53gra_coursework\g53gra.framework\debug\g53gra.framework.tlog\cl.write.1.tlog
c:\users\kansr\documents\g53gra_coursework\g53gra.framework\debug\g53gra.framework.tlog\link.command.1.tlog
c:\users\kansr\documents\g53gra_coursework\g53gra.framework\debug\g53gra.framework.tlog\link.read.1.tlog
c:\users\kansr\documents\g53gra_coursework\g53gra.framework\debug\g53gra.framework.tlog\link.write.1.tlog
